\BOOKMARK [1][-]{section.1}{\332vod do Matfyzu}{}% 1
\BOOKMARK [2][-]{subsection.1.1}{Organizace}{section.1}% 2
\BOOKMARK [2][-]{subsection.1.2}{Studium}{section.1}% 3
\BOOKMARK [2][-]{subsection.1.3}{Fakultn\355 budovy}{section.1}% 4
\BOOKMARK [2][-]{subsection.1.4}{Nefakultn\355 budovy}{section.1}% 5
\BOOKMARK [2][-]{subsection.1.5}{Laby}{section.1}% 6
\BOOKMARK [2][-]{subsection.1.6}{Zdroje informac\355}{section.1}% 7
\BOOKMARK [2][-]{subsection.1.7}{Spolek Matfyz\341k}{section.1}% 8
\BOOKMARK [2][-]{subsection.1.8}{SKAS \(Studentsk\341 komora akademick\351ho sen\341tu\)}{section.1}% 9
\BOOKMARK [2][-]{subsection.1.9}{ISIC}{section.1}% 10
\BOOKMARK [1][-]{section.2}{Koleje a menzy}{}% 11
\BOOKMARK [2][-]{subsection.2.1}{Kolej 17. listopadu}{section.2}% 12
\BOOKMARK [2][-]{subsection.2.2}{Dal\235\355 koleje}{section.2}% 13
\BOOKMARK [2][-]{subsection.2.3}{Nejdule\236itej\235\355 menzy pro matfyz\341ky}{section.2}% 14
\BOOKMARK [1][-]{section.3}{Hlavn\355 mesto Praha}{}% 15
\BOOKMARK [2][-]{subsection.3.1}{Slovn\355cek pro Nepra\236\341ky}{section.3}% 16
\BOOKMARK [2][-]{subsection.3.2}{MHD}{section.3}% 17
\BOOKMARK [2][-]{subsection.3.3}{Voln\375 cas}{section.3}% 18
\BOOKMARK [1][-]{section.4}{Recepty}{}% 19
\BOOKMARK [1][-]{section.5}{Mapky a pl\341nky}{}% 20
\BOOKMARK [1][-]{section.6}{Z\341ver}{}% 21
