\BOOKMARK [1][-]{section.1}{\332vod do Matfyzu}{}% 1
\BOOKMARK [2][-]{subsection.1.1}{Co vyr\355dit predem}{section.1}% 2
\BOOKMARK [2][-]{subsection.1.2}{Organizace}{section.1}% 3
\BOOKMARK [2][-]{subsection.1.3}{Studium}{section.1}% 4
\BOOKMARK [2][-]{subsection.1.4}{Fakultn\355 budovy}{section.1}% 5
\BOOKMARK [2][-]{subsection.1.5}{Nefakultn\355 budovy}{section.1}% 6
\BOOKMARK [2][-]{subsection.1.6}{Laby}{section.1}% 7
\BOOKMARK [2][-]{subsection.1.7}{Zdroje informac\355}{section.1}% 8
\BOOKMARK [2][-]{subsection.1.8}{Spolek Matfyz\341k}{section.1}% 9
\BOOKMARK [2][-]{subsection.1.9}{Studentsk\341 komora AS}{section.1}% 10
\BOOKMARK [2][-]{subsection.1.10}{ISIC}{section.1}% 11
\BOOKMARK [1][-]{section.2}{Koleje a menzy}{}% 12
\BOOKMARK [2][-]{subsection.2.1}{Kolej 17. listopadu}{section.2}% 13
\BOOKMARK [2][-]{subsection.2.2}{Dal\235\355 koleje}{section.2}% 14
\BOOKMARK [2][-]{subsection.2.3}{Nejdule\236itej\235\355 menzy pro matfyz\341ky}{section.2}% 15
\BOOKMARK [1][-]{section.3}{Hlavn\355 mesto Praha}{}% 16
\BOOKMARK [2][-]{subsection.3.1}{Slovn\355cek pro Nepra\236\341ky}{section.3}% 17
\BOOKMARK [2][-]{subsection.3.2}{MHD}{section.3}% 18
\BOOKMARK [2][-]{subsection.3.3}{Voln\375 cas}{section.3}% 19
\BOOKMARK [1][-]{section.4}{Recepty}{}% 20
\BOOKMARK [1][-]{section.5}{Mapky a pl\341nky}{}% 21
\BOOKMARK [1][-]{section.6}{Z\341ver}{}% 22
